<?xml version="1.0" encoding="UTF-8"?>
<!-- Generated by org.testng.reporters.JUnitXMLReporter -->
<testsuite hostname="MBARNWALE6440" ignored="0" name="Default test" tests="2" failures="0" timestamp="18 Jan 2019 15:40:52 GMT" time="0.28" errors="0">
  <testcase name="testGetAllEmployees" time="0.184" classname="com.sg.ers.controller.EmployeeControllerTest"/>
  <testcase name="testRegisterEmployee" time="0.044" classname="com.sg.ers.controller.EmployeeControllerTest"/>
</testsuite> <!-- Default test -->
