<?xml version="1.0" encoding="UTF-8"?>
<testng-results skipped="0" failed="0" ignored="0" total="2" passed="2">
  <reporter-output>
  </reporter-output>
  <suite name="Default suite" duration-ms="280" started-at="2019-01-18T15:40:51Z" finished-at="2019-01-18T15:40:52Z">
    <groups>
    </groups>
    <test name="Default test" duration-ms="280" started-at="2019-01-18T15:40:51Z" finished-at="2019-01-18T15:40:52Z">
      <class name="com.sg.ers.controller.EmployeeControllerTest">
        <test-method status="PASS" signature="testGetAllEmployees()[pri:0, instance:com.sg.ers.controller.EmployeeControllerTest@4d95d2a2]" name="testGetAllEmployees" duration-ms="184" started-at="2019-01-18T15:40:51Z" finished-at="2019-01-18T15:40:52Z">
          <reporter-output>
          </reporter-output>
        </test-method> <!-- testGetAllEmployees -->
        <test-method status="PASS" signature="testRegisterEmployee()[pri:0, instance:com.sg.ers.controller.EmployeeControllerTest@4d95d2a2]" name="testRegisterEmployee" duration-ms="44" started-at="2019-01-18T15:40:52Z" finished-at="2019-01-18T15:40:52Z">
          <reporter-output>
          </reporter-output>
        </test-method> <!-- testRegisterEmployee -->
      </class> <!-- com.sg.ers.controller.EmployeeControllerTest -->
    </test> <!-- Default test -->
  </suite> <!-- Default suite -->
</testng-results>
